<?xml version="1.0" encoding="utf-8" standalone="no"?>
<!--This file represents the results of running a test suite-->
<test-results name="C:\work in progress\XukToZed\XukToZed\bin\Debug\XukToZed.dll" total="1" failures="0" not-run="0" date="2006-10-02" time="04:21:42">
  <environment nunit-version="2.2.8.0" clr-version="2.0.50727.42" os-version="Microsoft Windows NT 5.1.2600 Service Pack 2" platform="Win32NT" cwd="C:\work in progress\XukToZed\XukToZed\bin\Debug" machine-name="WSDBB227" user="LNN" user-domain="DBBINT" />
  <culture-info current-culture="da-DK" current-uiculture="da-DK" />
  <test-suite name="C:\work in progress\XukToZed\XukToZed\bin\Debug\XukToZed.dll" success="True" time="11.906" asserts="0">
    <results>
      <test-suite name="C:\work in progress\XukToZed\XukToZed\bin\Debug\XukToZed.dll" success="True" time="11.875" asserts="0">
        <results>
          <test-suite name="XukToZed" success="True" time="11.875" asserts="0">
            <results>
              <test-suite name="XukToZed.XukToZedTests" success="True" time="11.875" asserts="0">
                <results>
                  <test-case name="XukToZed.XukToZedTests.FirstTest" executed="True" success="True" time="11.875" asserts="1" />
                </results>
              </test-suite>
            </results>
          </test-suite>
        </results>
      </test-suite>
    </results>
  </test-suite>
</test-results>